<?xml version="1.0" encoding="UTF-8"?>
<robot generator="Robot 6.1 (Python 3.12.13 on linux)" generated="20260709 13:14:51.803" rpa="false" schemaversion="4">
<suite id="s1" name="test_decoder" source="/app/test/renode/tests/test_decoder.robot">
<kw name="Custom Setup" type="SETUP">
<msg timestamp="20260709 13:14:51.883" level="TRACE">Arguments: [  ]</msg>
<kw name="Setup" library="renode-keywords">
<msg timestamp="20260709 13:14:51.883" level="TRACE">Arguments: [  ]</msg>
<kw name="Evaluate" library="BuiltIn">
<var>${SYSTEM}</var>
<arg>platform.system()</arg>
<arg>modules=platform</arg>
<doc>Evaluates the given expression in Python and returns the result.</doc>
<msg timestamp="20260709 13:14:51.884" level="TRACE">Arguments: [ 'platform.system()' | modules='platform' ]</msg>
<msg timestamp="20260709 13:14:51.884" level="TRACE">Return: 'Linux'</msg>
<msg timestamp="20260709 13:14:51.884" level="INFO">${SYSTEM} = Linux</msg>
<status status="PASS" starttime="20260709 13:14:51.883" endtime="20260709 13:14:51.884"/>
</kw>
<kw name="Set Variable If" library="BuiltIn">
<var>${CONFIGURATION}</var>
<arg>not ${SKIP_RUNNING_SERVER} and ${SERVER_REMOTE_DEBUG}</arg>
<arg>Debug</arg>
<arg>${CONFIGURATION}</arg>
<doc>Sets variable based on the given condition.</doc>
<msg timestamp="20260709 13:14:51.884" level="TRACE">Arguments: [ 'not True and False' | 'Debug' | '${CONFIGURATION}' ]</msg>
<msg timestamp="20260709 13:14:51.885" level="TRACE">Return: 'Release'</msg>
<msg timestamp="20260709 13:14:51.885" level="INFO">${CONFIGURATION} = Release</msg>
<status status="PASS" starttime="20260709 13:14:51.884" endtime="20260709 13:14:51.885"/>
</kw>
<kw name="Create List" library="BuiltIn">
<var>@{PARAMS}</var>
<arg>--robot-server-port</arg>
<arg>${PORT_NUMBER}</arg>
<arg>--hide-log</arg>
<doc>Returns a list containing given items.</doc>
<msg timestamp="20260709 13:14:51.885" level="TRACE">Arguments: [ '--robot-server-port' | '49152' | '--hide-log' ]</msg>
<msg timestamp="20260709 13:14:51.885" level="TRACE">Return: ['--robot-server-port', '49152', '--hide-log']</msg>
<msg timestamp="20260709 13:14:51.885" level="INFO">@{PARAMS} = [ --robot-server-port | 49152 | --hide-log ]</msg>
<status status="PASS" starttime="20260709 13:14:51.885" endtime="20260709 13:14:51.885"/>
</kw>
<if>
<branch type="IF" condition="${DISABLE_GUI}">
<kw name="Insert Into List" library="Collections">
<arg>${PARAMS}</arg>
<arg>0</arg>
<arg>--disable-gui</arg>
<doc>Inserts ``value`` into ``list`` to the position specified with ``index``.</doc>
<status status="NOT RUN" starttime="20260709 13:14:51.886" endtime="20260709 13:14:51.886"/>
</kw>
<status status="NOT RUN" starttime="20260709 13:14:51.885" endtime="20260709 13:14:51.886"/>
</branch>
<status status="PASS" starttime="20260709 13:14:51.885" endtime="20260709 13:14:51.886"/>
</if>
<if>
<branch type="IF" condition="not ${SKIP_RUNNING_SERVER}">
<kw name="File Should Exist" library="OperatingSystem">
<arg>${DIRECTORY}/${BINARY_NAME}</arg>
<arg>msg=Robot Framework remote server binary not found (${DIRECTORY}/${BINARY_NAME}). Did you forget to build it in ${CONFIGURATION} configuration?</arg>
<doc>Fails unless the given ``path`` points to an existing file.</doc>
<status status="NOT RUN" starttime="20260709 13:14:51.886" endtime="20260709 13:14:51.886"/>
</kw>
<status status="NOT RUN" starttime="20260709 13:14:51.886" endtime="20260709 13:14:51.886"/>
</branch>
<status status="PASS" starttime="20260709 13:14:51.886" endtime="20260709 13:14:51.886"/>
</if>
<if>
<branch type="IF" condition="not ${SKIP_RUNNING_SERVER} and not ${SERVER_REMOTE_DEBUG} and not '${SYSTEM}' == 'Windows' and not ${NET_PLATFORM}">
<kw name="Start Process" library="Process">
<arg>mono</arg>
<arg>${BINARY_NAME}</arg>
<arg>@{PARAMS}</arg>
<arg>cwd=${DIRECTORY}</arg>
<doc>Starts a new process on background.</doc>
<status status="NOT RUN" starttime="20260709 13:14:51.887" endtime="20260709 13:14:51.887"/>
</kw>
<status status="NOT RUN" starttime="20260709 13:14:51.886" endtime="20260709 13:14:51.887"/>
</branch>
<status status="PASS" starttime="20260709 13:14:51.886" endtime="20260709 13:14:51.887"/>
</if>
<if>
<branch type="IF" condition="not ${SKIP_RUNNING_SERVER} and not ${SERVER_REMOTE_DEBUG} and '${SYSTEM}' == 'Windows'">
<kw name="Start Process" library="Process">
<arg>${BINARY_NAME}</arg>
<arg>@{PARAMS}</arg>
<arg>cwd=${DIRECTORY}</arg>
<arg>shell=true</arg>
<doc>Starts a new process on background.</doc>
<status status="NOT RUN" starttime="20260709 13:14:51.887" endtime="20260709 13:14:51.887"/>
</kw>
<status status="NOT RUN" starttime="20260709 13:14:51.887" endtime="20260709 13:14:51.887"/>
</branch>
<status status="PASS" starttime="20260709 13:14:51.887" endtime="20260709 13:14:51.887"/>
</if>
<if>
<branch type="IF" condition="not ${SKIP_RUNNING_SERVER} and not ${SERVER_REMOTE_DEBUG} and ${NET_PLATFORM}">
<kw name="Start Process" library="Process">
<arg>dotnet ${BINARY_NAME}</arg>
<arg>@{PARAMS}</arg>
<arg>cwd=${DIRECTORY}</arg>
<arg>shell=true</arg>
<doc>Starts a new process on background.</doc>
<status status="NOT RUN" starttime="20260709 13:14:51.888" endtime="20260709 13:14:51.888"/>
</kw>
<status status="NOT RUN" starttime="20260709 13:14:51.887" endtime="20260709 13:14:51.888"/>
</branch>
<status status="PASS" starttime="20260709 13:14:51.887" endtime="20260709 13:14:51.888"/>
</if>
<if>
<branch type="IF" condition="not ${SKIP_RUNNING_SERVER} and ${SERVER_REMOTE_DEBUG} and not '${SYSTEM}' == 'Windows' and not ${NET_PLATFORM}">
<kw name="Start Process" library="Process">
<arg>mono</arg>
<arg>--debug</arg>
<arg>--debugger-agent\=transport\=dt_socket,address\=0.0.0.0:${SERVER_REMOTE_PORT},server\=y,suspend\=${SERVER_REMOTE_SUSPEND}</arg>
<arg>${BINARY_NAME}</arg>
<arg>@{PARAMS}</arg>
<arg>cwd=${DIRECTORY}</arg>
<doc>Starts a new process on background.</doc>
<status status="NOT RUN" starttime="20260709 13:14:51.888" endtime="20260709 13:14:51.888"/>
</kw>
<status status="NOT RUN" starttime="20260709 13:14:51.888" endtime="20260709 13:14:51.888"/>
</branch>
<status status="PASS" starttime="20260709 13:14:51.888" endtime="20260709 13:14:51.888"/>
</if>
<if>
<branch type="IF" condition="not ${SKIP_RUNNING_SERVER} and ${SERVER_REMOTE_DEBUG} and '${SYSTEM}' == 'Windows'">
<kw name="Fatal Error" library="BuiltIn">
<arg>Windows doesn't support server remote debug option.</arg>
<doc>Stops the whole test execution.</doc>
<status status="NOT RUN" starttime="20260709 13:14:51.889" endtime="20260709 13:14:51.889"/>
</kw>
<status status="NOT RUN" starttime="20260709 13:14:51.888" endtime="20260709 13:14:51.889"/>
</branch>
<status status="PASS" starttime="20260709 13:14:51.888" endtime="20260709 13:14:51.889"/>
</if>
<if>
<branch type="IF" condition="not '${SYSTEM}' == 'Windows'">
<kw name="Wait Until Keyword Succeeds" library="BuiltIn">
<arg>60s</arg>
<arg>1s</arg>
<arg>Import Library</arg>
<arg>Remote</arg>
<arg>http://127.0.0.1:${PORT_NUMBER}/</arg>
<doc>Runs the specified keyword and retries if it fails.</doc>
<msg timestamp="20260709 13:14:51.889" level="TRACE">Arguments: [ '60s' | '1s' | 'Import Library' | 'Remote' | 'http://127.0.0.1:${PORT_NUMBER}/' ]</msg>
<kw name="Import Library" library="BuiltIn">
<arg>Remote</arg>
<arg>http://127.0.0.1:${PORT_NUMBER}/</arg>
<doc>Imports a library with the given name and optional arguments.</doc>
<msg timestamp="20260709 13:14:51.890" level="TRACE">Arguments: [ 'Remote' | 'http://127.0.0.1:${PORT_NUMBER}/' ]</msg>
<msg timestamp="20260709 13:14:52.554" level="TRACE">Return: None</msg>
<status status="PASS" starttime="20260709 13:14:51.890" endtime="20260709 13:14:52.554"/>
</kw>
<msg timestamp="20260709 13:14:52.554" level="TRACE">Return: None</msg>
<status status="PASS" starttime="20260709 13:14:51.889" endtime="20260709 13:14:52.554"/>
</kw>
<status status="PASS" starttime="20260709 13:14:51.889" endtime="20260709 13:14:52.554"/>
</branch>
<status status="PASS" starttime="20260709 13:14:51.889" endtime="20260709 13:14:52.554"/>
</if>
<if>
<branch type="IF" condition="'${SYSTEM}' == 'Windows'">
<kw name="Wait Until Keyword Succeeds" library="BuiltIn">
<arg>60s</arg>
<arg>1s</arg>
<arg>Import Library</arg>
<arg>Remote</arg>
